<?xml version="1.0" encoding="UTF-8"?>
<testsuite name="com.n26.HttpJsonIT" time="10.540000" tests="6" errors="0" skipped="0" failures="0">
    <testcase name="Test 100" classname="com.n26.HttpJsonIT" time="1.199000"/>
    <testcase name="Outdated transactions" classname="com.n26.HttpJsonIT" time="0.024000"/>
    <testcase name="Random transactions" classname="com.n26.HttpJsonIT" time="4.239000"/>
    <testcase name="Expiring transactions" classname="com.n26.HttpJsonIT" time="5.054000"/>
    <testcase name="JSON errors" classname="com.n26.HttpJsonIT" time="0.015000"/>
    <testcase name="BigDecimal rounding" classname="com.n26.HttpJsonIT" time="0.009000"/>
</testsuite>
